<?xml version="1.0" encoding="UTF-8"?>
<Site BuildName="(empty)"
	BuildStamp="20260529-2037-Experimental"
	Name="(empty)"
	Generator="ctest-3.24.4"
	CompilerName=""
	CompilerVersion=""
	OSName="macOS"
	Hostname="MacBookPro.ht.home"
	OSRelease="15.7.3"
	OSVersion="24G419"
	OSPlatform="arm64"
	Is64Bits="1"
	VendorString="IBM"
	VendorID="IBM"
	FamilyID="16777228"
	ModelID="2"
	ProcessorCacheSize="131072"
	NumberOfLogicalCPU="8"
	NumberOfPhysicalCPU="8"
	TotalVirtualMemory="4096"
	TotalPhysicalMemory="16384"
	LogicalProcessorsPerPhysical="8"
	ProcessorClockFrequency="0"
	>
	<Testing>
		<StartDateTime>May 29 16:37 EDT</StartDateTime>
		<StartTestTime>1780087042</StartTestTime>
		<TestList/>
		<EndDateTime>May 29 16:37 EDT</EndDateTime>
		<EndTestTime>1780087043</EndTestTime>
		<ElapsedMinutes>0</ElapsedMinutes>
	</Testing>
</Site>
